<?xml version="1.0" encoding="utf-8"?><testsuites name="pytest tests"><testsuite name="pytest" errors="0" failures="0" skipped="4" tests="15" time="10.686" timestamp="2026-03-25T20:32:27.068003+00:00" hostname="agent-env-f68f5890-0c7e-48b2-a67c-22639570189f"><testcase classname="backend.tests.test_room_news_and_roles.TestRoomNewsAndRoles" name="test_01_get_room_news" time="0.655" /><testcase classname="backend.tests.test_room_news_and_roles.TestRoomNewsAndRoles" name="test_02_add_room_news" time="0.581" /><testcase classname="backend.tests.test_room_news_and_roles.TestRoomNewsAndRoles" name="test_03_verify_news_appears_in_list" time="0.916" /><testcase classname="backend.tests.test_room_news_and_roles.TestRoomNewsAndRoles" name="test_04_add_news_with_different_categories" time="1.450" /><testcase classname="backend.tests.test_room_news_and_roles.TestRoomNewsAndRoles" name="test_05_delete_room_news" time="0.670" /><testcase classname="backend.tests.test_room_news_and_roles.TestRoomNewsAndRoles" name="test_06_verify_news_deleted" time="0.551" /><testcase classname="backend.tests.test_room_news_and_roles.TestRoomNewsAndRoles" name="test_07_add_news_empty_text_fails" time="0.611" /><testcase classname="backend.tests.test_room_news_and_roles.TestRoomNewsAndRoles" name="test_08_get_room_roles" time="0.577" /><testcase classname="backend.tests.test_room_news_and_roles.TestRoomNewsAndRoles" name="test_09_assign_news_reporter_role_via_roles_endpoint" time="0.664" /><testcase classname="backend.tests.test_room_news_and_roles.TestRoomNewsAndRoles" name="test_10_verify_news_reporter_role_assigned" time="0.640"><skipped type="pytest.skip" message="No test user from previous test">/app/backend/tests/test_room_news_and_roles.py:235: No test user from previous test</skipped></testcase><testcase classname="backend.tests.test_room_news_and_roles.TestRoomNewsAndRoles" name="test_11_set_news_reporter_via_dedicated_endpoint" time="0.580"><skipped type="pytest.skip" message="No other participants to test with">/app/backend/tests/test_room_news_and_roles.py:272: No other participants to test with</skipped></testcase><testcase classname="backend.tests.test_room_news_and_roles.TestRoomNewsAndRoles" name="test_12_remove_news_reporter" time="0.778"><skipped type="pytest.skip" message="No test user from previous test">/app/backend/tests/test_room_news_and_roles.py:286: No test user from previous test</skipped></testcase><testcase classname="backend.tests.test_room_news_and_roles.TestRoomNewsAndRoles" name="test_13_get_room_info" time="0.787" /><testcase classname="backend.tests.test_room_news_and_roles.TestRoomNewsAndRoles" name="test_14_invalid_role_rejected" time="0.525"><skipped type="pytest.skip" message="No other participants to test with">/app/backend/tests/test_room_news_and_roles.py:325: No other participants to test with</skipped></testcase><testcase classname="backend.tests.test_room_news_and_roles.TestRoomNewsAndRoles" name="test_15_cleanup_reset_role_to_member" time="0.431" /></testsuite></testsuites>