<?xml version="1.0" encoding="utf-8"?><testsuites name="pytest tests"><testsuite name="pytest" errors="0" failures="0" skipped="0" tests="11" time="5.347" timestamp="2026-04-02T21:03:53.605734+00:00" hostname="agent-env-f68f5890-0c7e-48b2-a67c-22639570189f"><testcase classname="backend.tests.test_badges_system.TestBadgesPublicEndpoints" name="test_get_all_badges_returns_27_badges" time="0.278" /><testcase classname="backend.tests.test_badges_system.TestBadgesPublicEndpoints" name="test_team_badges_structure" time="0.139" /><testcase classname="backend.tests.test_badges_system.TestBadgesPublicEndpoints" name="test_level_badges_structure" time="0.131" /><testcase classname="backend.tests.test_badges_system.TestBadgesPublicEndpoints" name="test_get_leaderboard" time="0.176" /><testcase classname="backend.tests.test_badges_system.TestBadgesAuthenticatedEndpoints" name="test_get_user_badges" time="0.594" /><testcase classname="backend.tests.test_badges_system.TestBadgesAuthenticatedEndpoints" name="test_get_user_stats" time="0.608" /><testcase classname="backend.tests.test_badges_system.TestBadgesAuthenticatedEndpoints" name="test_select_team_badge" time="0.707" /><testcase classname="backend.tests.test_badges_system.TestBadgesAuthenticatedEndpoints" name="test_select_invalid_team_badge" time="0.549" /><testcase classname="backend.tests.test_badges_system.TestBadgesAuthenticatedEndpoints" name="test_select_non_team_badge_as_team" time="0.651" /><testcase classname="backend.tests.test_badges_system.TestBadgesAuthenticatedEndpoints" name="test_get_nonexistent_user_badges" time="0.630" /><testcase classname="backend.tests.test_badges_system.TestBadgesAuthenticatedEndpoints" name="test_get_nonexistent_user_stats" time="0.540" /></testsuite></testsuites>