<?xml version="1.0" encoding="utf-8"?><testsuites name="pytest tests"><testsuite name="pytest" errors="0" failures="0" skipped="0" tests="9" time="2.317" timestamp="2026-03-23T09:24:26.250659+00:00" hostname="agent-env-f68f5890-0c7e-48b2-a67c-22639570189f"><testcase classname="tests.test_room_roles.TestRoomRolesAPI" name="test_get_room_roles" time="0.737" /><testcase classname="tests.test_room_roles.TestRoomRolesAPI" name="test_get_user_room_role" time="0.286" /><testcase classname="tests.test_room_roles.TestRoomRolesAPI" name="test_get_room_participants" time="0.150" /><testcase classname="tests.test_room_roles.TestRoomBasicFunctionality" name="test_get_room_info" time="0.143" /><testcase classname="tests.test_room_roles.TestRoomBasicFunctionality" name="test_get_room_seats" time="0.147" /><testcase classname="tests.test_room_roles.TestRoomBasicFunctionality" name="test_join_room" time="0.147" /><testcase classname="tests.test_room_roles.TestRoomBasicFunctionality" name="test_heartbeat" time="0.147" /><testcase classname="tests.test_room_roles.TestJoinStageDirect" name="test_join_stage_direct_as_owner" time="0.270" /><testcase classname="tests.test_room_roles.TestRoomStream" name="test_get_stream_status" time="0.132" /></testsuite></testsuites>