<?xml version="1.0" encoding="utf-8"?><testsuites name="pytest tests"><testsuite name="pytest" errors="0" failures="0" skipped="0" tests="12" time="10.830" timestamp="2026-03-22T05:19:44.254369+00:00" hostname="agent-env-f68f5890-0c7e-48b2-a67c-22639570189f"><testcase classname="tests.test_new_features.TestMatchDetailAPI" name="test_match_detail_returns_data" time="1.299" /><testcase classname="tests.test_new_features.TestMatchDetailAPI" name="test_match_detail_match_data" time="1.095" /><testcase classname="tests.test_new_features.TestMatchDetailAPI" name="test_match_detail_lineups" time="1.071" /><testcase classname="tests.test_new_features.TestMatchDetailAPI" name="test_match_detail_statistics" time="1.039" /><testcase classname="tests.test_new_features.TestStoriesReactAPI" name="test_react_to_story_requires_auth" time="0.115" /><testcase classname="tests.test_new_features.TestStoriesReactAPI" name="test_react_to_nonexistent_story" time="0.619" /><testcase classname="tests.test_new_features.TestStoriesReplyAPI" name="test_reply_to_story_requires_auth" time="0.153" /><testcase classname="tests.test_new_features.TestStoriesReplyAPI" name="test_reply_to_nonexistent_story" time="0.595" /><testcase classname="tests.test_new_features.TestStoriesRepliesAPI" name="test_get_replies_requires_auth" time="0.154" /><testcase classname="tests.test_new_features.TestStoriesRepliesAPI" name="test_get_replies_nonexistent_story" time="0.630" /><testcase classname="tests.test_new_features.TestAuthAndBasicAPIs" name="test_login_success" time="0.459" /><testcase classname="tests.test_new_features.TestAuthAndBasicAPIs" name="test_get_football_matches" time="3.285" /></testsuite></testsuites>