<?xml version="1.0" encoding="utf-8"?><testsuites name="pytest tests"><testsuite name="pytest" errors="0" failures="0" skipped="0" tests="11" time="19.273" timestamp="2026-03-25T15:23:44.777549+00:00" hostname="agent-env-f68f5890-0c7e-48b2-a67c-22639570189f"><testcase classname="tests.test_room_chat_websocket.TestRoomChatAPI" name="test_room_exists" time="2.075" /><testcase classname="tests.test_room_chat_websocket.TestRoomChatAPI" name="test_join_room" time="1.239" /><testcase classname="tests.test_room_chat_websocket.TestRoomChatAPI" name="test_send_message_http" time="1.997" /><testcase classname="tests.test_room_chat_websocket.TestRoomChatAPI" name="test_get_messages" time="1.797" /><testcase classname="tests.test_room_chat_websocket.TestRoomChatAPI" name="test_send_and_retrieve_message" time="3.080" /><testcase classname="tests.test_room_chat_websocket.TestRoomChatAPI" name="test_heartbeat" time="1.798" /><testcase classname="tests.test_room_chat_websocket.TestRoomChatAPI" name="test_leave_room" time="2.012" /><testcase classname="tests.test_room_chat_websocket.TestWebSocketEndpoint" name="test_websocket_url_format" time="1.055" /><testcase classname="tests.test_room_chat_websocket.TestWebSocketEndpoint" name="test_websocket_endpoint_exists" time="1.152" /><testcase classname="tests.test_room_chat_websocket.TestRoomParticipants" name="test_get_participants" time="1.220" /><testcase classname="tests.test_room_chat_websocket.TestRoomParticipants" name="test_get_seats" time="1.019" /></testsuite></testsuites>