<?xml version="1.0" encoding="utf-8"?><testsuites name="pytest tests"><testsuite name="pytest" errors="0" failures="0" skipped="0" tests="14" time="1.935" timestamp="2026-03-19T05:19:40.409719+00:00" hostname="agent-env-f68f5890-0c7e-48b2-a67c-22639570189f"><testcase classname="backend.tests.test_social_features.TestUserSearch" name="test_search_users_by_username" time="0.761" /><testcase classname="backend.tests.test_social_features.TestUserSearch" name="test_search_empty_query" time="0.060" /><testcase classname="backend.tests.test_social_features.TestUserProfile" name="test_get_user_profile" time="0.062" /><testcase classname="backend.tests.test_social_features.TestUserProfile" name="test_get_nonexistent_user_profile" time="0.057" /><testcase classname="backend.tests.test_social_features.TestConversations" name="test_get_conversations_list" time="0.061" /><testcase classname="backend.tests.test_social_features.TestConversations" name="test_start_conversation" time="0.063" /><testcase classname="backend.tests.test_social_features.TestConversations" name="test_get_conversation_messages" time="0.129" /><testcase classname="backend.tests.test_social_features.TestConversations" name="test_send_message" time="0.125" /><testcase classname="backend.tests.test_social_features.TestThreads" name="test_get_threads_list" time="0.086" /><testcase classname="backend.tests.test_social_features.TestThreads" name="test_get_threads_following_tab" time="0.064" /><testcase classname="backend.tests.test_social_features.TestFollow" name="test_follow_user" time="0.058" /><testcase classname="backend.tests.test_social_features.TestFollow" name="test_get_user_followers" time="0.066" /><testcase classname="backend.tests.test_social_features.TestFollow" name="test_get_user_following" time="0.054" /><testcase classname="backend.tests.test_social_features.TestThreadReplies" name="test_get_thread_replies" time="0.144" /></testsuite></testsuites>