<?xml version="1.0" encoding="utf-8"?><testsuites name="pytest tests"><testsuite name="pytest" errors="0" failures="0" skipped="0" tests="14" time="8.530" timestamp="2026-04-22T04:31:22.172097+00:00" hostname="agent-env-f68f5890-0c7e-48b2-a67c-22639570189f"><testcase classname="backend.tests.test_stream_slots.TestStreamSlots" name="test_01_login_success" time="0.502" /><testcase classname="backend.tests.test_stream_slots.TestStreamSlots" name="test_02_get_room_details" time="0.525" /><testcase classname="backend.tests.test_stream_slots.TestStreamSlots" name="test_03_get_stream_status" time="0.492" /><testcase classname="backend.tests.test_stream_slots.TestStreamSlots" name="test_04_save_youtube_link_to_slot" time="0.533" /><testcase classname="backend.tests.test_stream_slots.TestStreamSlots" name="test_05_save_multiple_youtube_links" time="0.498" /><testcase classname="backend.tests.test_stream_slots.TestStreamSlots" name="test_06_play_stream_slot_1" time="0.488" /><testcase classname="backend.tests.test_stream_slots.TestStreamSlots" name="test_07_play_stream_slot_2" time="0.502" /><testcase classname="backend.tests.test_stream_slots.TestStreamSlots" name="test_08_play_invalid_slot_0" time="0.484" /><testcase classname="backend.tests.test_stream_slots.TestStreamSlots" name="test_09_play_invalid_slot_11" time="0.492" /><testcase classname="backend.tests.test_stream_slots.TestStreamSlots" name="test_10_verify_stream_url_after_play" time="0.569" /><testcase classname="backend.tests.test_stream_slots.TestStreamSlots" name="test_11_youtube_url_conversion_watch" time="0.606" /><testcase classname="backend.tests.test_stream_slots.TestStreamSlots" name="test_12_youtube_url_conversion_short" time="0.537" /><testcase classname="backend.tests.test_stream_slots.TestStreamSlots" name="test_13_slots_1_to_10_accepted" time="1.512" /><testcase classname="backend.tests.test_stream_slots.TestStreamPermissions" name="test_room_owner_can_save_slots" time="0.577" /></testsuite></testsuites>