<?xml version="1.0" encoding="utf-8"?><testsuites name="pytest tests"><testsuite name="pytest" errors="0" failures="1" skipped="0" tests="19" time="10.377" timestamp="2026-03-22T07:12:05.612272+00:00" hostname="agent-env-f68f5890-0c7e-48b2-a67c-22639570189f"><testcase classname="backend.tests.test_playback_features.TestPlaybackFeatures" name="test_send_reaction_success" time="0.722" /><testcase classname="backend.tests.test_playback_features.TestPlaybackFeatures" name="test_send_reaction_fire_emoji" time="0.461" /><testcase classname="backend.tests.test_playback_features.TestPlaybackFeatures" name="test_send_reaction_heart_emoji" time="0.654" /><testcase classname="backend.tests.test_playback_features.TestPlaybackFeatures" name="test_get_reactions_polling" time="0.644" /><testcase classname="backend.tests.test_playback_features.TestPlaybackFeatures" name="test_reactions_invalid_room" time="0.531" /><testcase classname="backend.tests.test_playback_features.TestPlaybackFeatures" name="test_create_poll_success" time="0.456" /><testcase classname="backend.tests.test_playback_features.TestPlaybackFeatures" name="test_get_active_poll" time="0.447" /><testcase classname="backend.tests.test_playback_features.TestPlaybackFeatures" name="test_vote_on_poll" time="0.509" /><testcase classname="backend.tests.test_playback_features.TestPlaybackFeatures" name="test_vote_twice_fails" time="0.797" /><testcase classname="backend.tests.test_playback_features.TestPlaybackFeatures" name="test_close_poll" time="0.934" /><testcase classname="backend.tests.test_playback_features.TestPlaybackFeatures" name="test_start_watch_party" time="0.761" /><testcase classname="backend.tests.test_playback_features.TestPlaybackFeatures" name="test_get_watch_party" time="0.734" /><testcase classname="backend.tests.test_playback_features.TestPlaybackFeatures" name="test_sync_watch_party" time="0.519" /><testcase classname="backend.tests.test_playback_features.TestPlaybackFeatures" name="test_sync_watch_party_pause" time="0.462" /><testcase classname="backend.tests.test_playback_features.TestPlaybackFeatures" name="test_end_watch_party" time="0.585"><failure message="assert 404 == 200&#10; +  where 404 = &lt;Response [404]&gt;.status_code">backend/tests/test_playback_features.py:357: in test_end_watch_party
    assert get_response.status_code == 200
E   assert 404 == 200
E    +  where 404 = &lt;Response [404]&gt;.status_code</failure></testcase><testcase classname="backend.tests.test_playback_features.TestPlaybackFeatures" name="test_room_exists" time="0.470" /><testcase classname="backend.tests.test_playback_features.TestPlaybackFeaturesUnauthorized" name="test_reactions_without_auth" time="0.113" /><testcase classname="backend.tests.test_playback_features.TestPlaybackFeaturesUnauthorized" name="test_create_poll_without_auth" time="0.108" /><testcase classname="backend.tests.test_playback_features.TestPlaybackFeaturesUnauthorized" name="test_start_watch_party_without_auth" time="0.193" /></testsuite></testsuites>