<?xml version="1.0" encoding="utf-8"?><testsuites name="pytest tests"><testsuite name="pytest" errors="0" failures="0" skipped="0" tests="15" time="7.266" timestamp="2026-03-19T00:38:03.566683+00:00" hostname="agent-env-f68f5890-0c7e-48b2-a67c-22639570189f"><testcase classname="backend.tests.test_role_permissions.TestRoleDefinitions" name="test_health_check" time="0.422" /><testcase classname="backend.tests.test_role_permissions.TestRoleDefinitions" name="test_owner_emails_defined" time="0.001" /><testcase classname="backend.tests.test_role_permissions.TestRegularUserPermissions" name="test_regular_user_cannot_join_stage_directly" time="0.997" /><testcase classname="backend.tests.test_role_permissions.TestRegularUserPermissions" name="test_regular_user_can_request_seat" time="0.111" /><testcase classname="backend.tests.test_role_permissions.TestModPermissions" name="test_mod_login_and_verify_role" time="0.650" /><testcase classname="backend.tests.test_role_permissions.TestAdminPermissions" name="test_admin_login_and_verify_role" time="0.704" /><testcase classname="backend.tests.test_role_permissions.TestAdminPermissions" name="test_admin_can_access_admin_dashboard" time="0.834" /><testcase classname="backend.tests.test_role_permissions.TestAdminPermissions" name="test_admin_cannot_change_user_roles" time="0.796" /><testcase classname="backend.tests.test_role_permissions.TestSeatManagement" name="test_get_seat_requests_requires_permission" time="0.088" /><testcase classname="backend.tests.test_role_permissions.TestSeatManagement" name="test_join_direct_endpoint_exists" time="0.188" /><testcase classname="backend.tests.test_role_permissions.TestOwnerRoleAssignment" name="test_owner_email_gets_owner_role_on_registration" time="0.704" /><testcase classname="backend.tests.test_role_permissions.TestRoleChangeEndpoint" name="test_role_change_endpoint_requires_owner" time="0.130" /><testcase classname="backend.tests.test_role_permissions.TestRoleChangeEndpoint" name="test_valid_role_values" time="0.004" /><testcase classname="backend.tests.test_role_permissions.TestEndToEndRoleFlow" name="test_complete_user_seat_request_flow" time="1.066" /><testcase classname="backend.tests.test_role_permissions" name="test_list_all_users_roles" time="0.089" /></testsuite></testsuites>