<?xml version="1.0" encoding="utf-8"?><testsuites name="pytest tests"><testsuite name="pytest" errors="0" failures="0" skipped="0" tests="10" time="13.969" timestamp="2026-03-24T08:13:15.338338+00:00" hostname="agent-env-f68f5890-0c7e-48b2-a67c-22639570189f"><testcase classname="tests.test_profile_badges.TestProfileAPI" name="test_login_works" time="2.139" /><testcase classname="tests.test_profile_badges.TestProfileAPI" name="test_auth_me_returns_required_fields" time="1.040" /><testcase classname="tests.test_profile_badges.TestProfileAPI" name="test_rooms_joined_is_integer" time="1.218" /><testcase classname="tests.test_profile_badges.TestProfileAPI" name="test_rooms_created_is_integer" time="1.243" /><testcase classname="tests.test_profile_badges.TestProfileAPI" name="test_badges_earned_is_list" time="1.246" /><testcase classname="tests.test_profile_badges.TestProfileAPI" name="test_speaker_badge_always_earned" time="0.883" /><testcase classname="tests.test_profile_badges.TestProfileAPI" name="test_room_owner_badge_when_rooms_created" time="1.246" /><testcase classname="tests.test_profile_badges.TestProfileAPI" name="test_star_badge_when_coins_100_plus" time="1.374" /><testcase classname="tests.test_profile_badges.TestProfileAPI" name="test_profile_stats_display" time="1.534" /><testcase classname="tests.test_profile_badges.TestProfileAPI" name="test_expected_badges_for_current_user" time="0.993" /></testsuite></testsuites>