<?xml version="1.0" encoding="utf-8"?><testsuites name="pytest tests"><testsuite name="pytest" errors="0" failures="0" skipped="0" tests="19" time="8.852" timestamp="2026-03-25T15:54:42.799682+00:00" hostname="agent-env-f68f5890-0c7e-48b2-a67c-22639570189f"><testcase classname="backend.tests.test_room_features.TestAuth" name="test_login_success" time="0.804" /><testcase classname="backend.tests.test_room_features.TestAuth" name="test_login_invalid_credentials" time="0.194" /><testcase classname="backend.tests.test_room_features.TestRoomBasics" name="test_room_exists" time="0.800" /><testcase classname="backend.tests.test_room_features.TestRoomBasics" name="test_join_room" time="0.212" /><testcase classname="backend.tests.test_room_features.TestRoomBasics" name="test_get_participants" time="0.253" /><testcase classname="backend.tests.test_room_features.TestRoomBasics" name="test_get_seats" time="0.387" /><testcase classname="backend.tests.test_room_features.TestRoomBasics" name="test_leave_room" time="0.152" /><testcase classname="backend.tests.test_room_features.TestRoomChat" name="test_send_message" time="0.890" /><testcase classname="backend.tests.test_room_features.TestRoomChat" name="test_get_messages" time="0.163" /><testcase classname="backend.tests.test_room_features.TestReactions" name="test_send_reaction" time="0.785" /><testcase classname="backend.tests.test_room_features.TestReactions" name="test_get_reactions" time="0.168" /><testcase classname="backend.tests.test_room_features.TestWatchParty" name="test_get_watch_party" time="0.663" /><testcase classname="backend.tests.test_room_features.TestWatchParty" name="test_start_watch_party" time="0.141" /><testcase classname="backend.tests.test_room_features.TestStream" name="test_get_stream_status" time="0.724" /><testcase classname="backend.tests.test_room_features.TestStream" name="test_update_stream_slots" time="0.184" /><testcase classname="backend.tests.test_room_features.TestStream" name="test_play_stream_slot" time="0.239" /><testcase classname="backend.tests.test_room_features.TestPolls" name="test_get_active_poll" time="0.691" /><testcase classname="backend.tests.test_room_features.TestPolls" name="test_create_poll" time="0.141" /><testcase classname="backend.tests.test_room_features.TestHeartbeat" name="test_heartbeat" time="0.945" /></testsuite></testsuites>